# JRE version: OpenJDK Runtime Environment (11.0.15) (build 11.0.15+0-b2043.56-9505619)
# Java VM: OpenJDK 64-Bit Server VM (11.0.15+0-b2043.56-9505619, mixed mode, tiered, compressed oops, g1 gc, windows-amd64)
Heap:
 garbage-first heap   total 524288K, used 255362K [0x0000000080000000, 0x0000000100000000)
  region size 1024K, 87 young (89088K), 7 survivors (7168K)
 Metaspace       used 93789K, capacity 96747K, committed 97072K, reserved 1132544K
  class space    used 12226K, capacity 13359K, committed 13440K, reserved 1048576K
GC Heap History (20 events):
Event: 216.418 GC heap before
{Heap before GC invocations=51 (full 0):
 garbage-first heap   total 389120K, used 333656K [0x0000000080000000, 0x0000000100000000)
  region size 1024K, 174 young (178176K), 14 survivors (14336K)
 Metaspace       used 91957K, capacity 94705K, committed 94896K, reserved 1130496K
  class space    used 11981K, capacity 12994K, committed 13056K, reserved 1048576K
}
Event: 216.429 GC heap after
{Heap after GC invocations=52 (full 0):
 garbage-first heap   total 457728K, used 170869K [0x0000000080000000, 0x0000000100000000)
  region size 1024K, 13 young (13312K), 13 survivors (13312K)
 Metaspace       used 91957K, capacity 94705K, committed 94896K, reserved 1130496K
  class space    used 11981K, capacity 12994K, committed 13056K, reserved 1048576K
}
Event: 216.755 GC heap before
{Heap before GC invocations=52 (full 0):
 garbage-first heap   total 457728K, used 377717K [0x0000000080000000, 0x0000000100000000)
  region size 1024K, 215 young (220160K), 13 survivors (13312K)
 Metaspace       used 91957K, capacity 94705K, committed 94896K, reserved 1130496K
  class space    used 11981K, capacity 12994K, committed 13056K, reserved 1048576K
}
Event: 216.766 GC heap after
{Heap after GC invocations=53 (full 0):
 garbage-first heap   total 457728K, used 172917K [0x0000000080000000, 0x0000000100000000)
  region size 1024K, 15 young (15360K), 15 survivors (15360K)
 Metaspace       used 91957K, capacity 94705K, committed 94896K, reserved 1130496K
  class space    used 11981K, capacity 12994K, committed 13056K, reserved 1048576K
}
Event: 217.073 GC heap before
{Heap before GC invocations=53 (full 0):
 garbage-first heap   total 457728K, used 386933K [0x0000000080000000, 0x0000000100000000)
  region size 1024K, 224 young (229376K), 15 survivors (15360K)
 Metaspace       used 91957K, capacity 94705K, committed 94896K, reserved 1130496K
  class space    used 11981K, capacity 12994K, committed 13056K, reserved 1048576K
}
Event: 217.085 GC heap after
{Heap after GC invocations=54 (full 0):
 garbage-first heap   total 457728K, used 173941K [0x0000000080000000, 0x0000000100000000)
  region size 1024K, 16 young (16384K), 16 survivors (16384K)
 Metaspace       used 91957K, capacity 94705K, committed 94896K, reserved 1130496K
  class space    used 11981K, capacity 12994K, committed 13056K, reserved 1048576K
}
Event: 217.398 GC heap before
{Heap before GC invocations=54 (full 0):
 garbage-first heap   total 457728K, used 391029K [0x0000000080000000, 0x0000000100000000)
  region size 1024K, 228 young (233472K), 16 survivors (16384K)
 Metaspace       used 91957K, capacity 94705K, committed 94896K, reserved 1130496K
  class space    used 11981K, capacity 12994K, committed 13056K, reserved 1048576K
}
Event: 217.411 GC heap after
{Heap after GC invocations=55 (full 0):
 garbage-first heap   total 457728K, used 175767K [0x0000000080000000, 0x0000000100000000)
  region size 1024K, 16 young (16384K), 16 survivors (16384K)
 Metaspace       used 91957K, capacity 94705K, committed 94896K, reserved 1130496K
  class space    used 11981K, capacity 12994K, committed 13056K, reserved 1048576K
}
Event: 217.745 GC heap before
{Heap before GC invocations=55 (full 0):
 garbage-first heap   total 457728K, used 407191K [0x0000000080000000, 0x0000000100000000)
  region size 1024K, 228 young (233472K), 16 survivors (16384K)
 Metaspace       used 91957K, capacity 94705K, committed 94896K, reserved 1130496K
  class space    used 11981K, capacity 12994K, committed 13056K, reserved 1048576K
}
Event: 217.758 GC heap after
{Heap after GC invocations=56 (full 0):
 garbage-first heap   total 524288K, used 178550K [0x0000000080000000, 0x0000000100000000)
  region size 1024K, 18 young (18432K), 18 survivors (18432K)
 Metaspace       used 91957K, capacity 94705K, committed 94896K, reserved 1130496K
  class space    used 11981K, capacity 12994K, committed 13056K, reserved 1048576K
}
Event: 219.778 GC heap before
{Heap before GC invocations=56 (full 0):
 garbage-first heap   total 524288K, used 436598K [0x0000000080000000, 0x0000000100000000)
  region size 1024K, 251 young (257024K), 18 survivors (18432K)
 Metaspace       used 91964K, capacity 94705K, committed 94896K, reserved 1130496K
  class space    used 11981K, capacity 12994K, committed 13056K, reserved 1048576K
}
Event: 219.783 GC heap after
{Heap after GC invocations=57 (full 0):
 garbage-first heap   total 524288K, used 167286K [0x0000000080000000, 0x0000000100000000)
  region size 1024K, 7 young (7168K), 7 survivors (7168K)
 Metaspace       used 91964K, capacity 94705K, committed 94896K, reserved 1130496K
  class space    used 11981K, capacity 12994K, committed 13056K, reserved 1048576K
}
Event: 220.229 GC heap before
{Heap before GC invocations=57 (full 0):
 garbage-first heap   total 524288K, used 458102K [0x0000000080000000, 0x0000000100000000)
  region size 1024K, 291 young (297984K), 7 survivors (7168K)
 Metaspace       used 91967K, capacity 94706K, committed 94896K, reserved 1130496K
  class space    used 11981K, capacity 12994K, committed 13056K, reserved 1048576K
}
Event: 220.235 GC heap after
{Heap after GC invocations=58 (full 0):
 garbage-first heap   total 524288K, used 171305K [0x0000000080000000, 0x0000000100000000)
  region size 1024K, 11 young (11264K), 11 survivors (11264K)
 Metaspace       used 91967K, capacity 94706K, committed 94896K, reserved 1130496K
  class space    used 11981K, capacity 12994K, committed 13056K, reserved 1048576K
}
Event: 220.684 GC heap before
{Heap before GC invocations=58 (full 0):
 garbage-first heap   total 524288K, used 457001K [0x0000000080000000, 0x0000000100000000)
  region size 1024K, 290 young (296960K), 11 survivors (11264K)
 Metaspace       used 91967K, capacity 94706K, committed 94896K, reserved 1130496K
  class space    used 11981K, capacity 12994K, committed 13056K, reserved 1048576K
}
Event: 220.691 GC heap after
{Heap after GC invocations=59 (full 0):
 garbage-first heap   total 524288K, used 174876K [0x0000000080000000, 0x0000000100000000)
  region size 1024K, 14 young (14336K), 14 survivors (14336K)
 Metaspace       used 91967K, capacity 94706K, committed 94896K, reserved 1130496K
  class space    used 11981K, capacity 12994K, committed 13056K, reserved 1048576K
}
Event: 221.125 GC heap before
{Heap before GC invocations=59 (full 0):
 garbage-first heap   total 524288K, used 456476K [0x0000000080000000, 0x0000000100000000)
  region size 1024K, 289 young (295936K), 14 survivors (14336K)
 Metaspace       used 91967K, capacity 94706K, committed 94896K, reserved 1130496K
  class space    used 11981K, capacity 12994K, committed 13056K, reserved 1048576K
}
Event: 221.134 GC heap after
{Heap after GC invocations=60 (full 0):
 garbage-first heap   total 524288K, used 178787K [0x0000000080000000, 0x0000000100000000)
  region size 1024K, 18 young (18432K), 18 survivors (18432K)
 Metaspace       used 91967K, capacity 94706K, committed 94896K, reserved 1130496K
  class space    used 11981K, capacity 12994K, committed 13056K, reserved 1048576K
}
Event: 227.407 GC heap before
{Heap before GC invocations=60 (full 0):
 garbage-first heap   total 524288K, used 469603K [0x0000000080000000, 0x0000000100000000)
  region size 1024K, 284 young (290816K), 18 survivors (18432K)
 Metaspace       used 91968K, capacity 94706K, committed 94896K, reserved 1130496K
  class space    used 11981K, capacity 12994K, committed 13056K, reserved 1048576K
}
Event: 227.411 GC heap after
{Heap after GC invocations=61 (full 0):
 garbage-first heap   total 524288K, used 174466K [0x0000000080000000, 0x0000000100000000)
  region size 1024K, 7 young (7168K), 7 survivors (7168K)
 Metaspace       used 91968K, capacity 94706K, committed 94896K, reserved 1130496K
  class space    used 11981K, capacity 12994K, committed 13056K, reserved 1048576K
}

